<?xml version="1.0" encoding="UTF-8"?>
<testsuite xmlns:xsi="http://www.w3.org/2001/XMLSchema-instance" xsi:noNamespaceSchemaLocation="https://maven.apache.org/surefire/maven-surefire-plugin/xsd/surefire-test-report.xsd" version="3.0.2" name="com.example.wedding_planner_management.WeddingPlannerManagementApplicationTests" time="6.581" tests="1" errors="0" skipped="0" failures="0">
  <properties>
[...]
</properties>
  <testcase name="contextLoads" classname="com.example.wedding_planner_management.WeddingPlannerManagementApplicationTests" time="0.656">
    <system-out><![CDATA[01:01:14.752 [main] INFO org.springframework.test.context.support.AnnotationConfigContextLoaderUtils -- Could not detect default configuration classes for test class [com.example.wedding_planner_management.WeddingPlannerManagementApplicationTests]: WeddingPlannerManagementApplicationTests does not declare any static, non-private, non-final, nested classes annotated with @Configuration.
01:01:14.873 [main] INFO org.springframework.boot.test.context.SpringBootTestContextBootstrapper -- Found @SpringBootConfiguration com.example.wedding_planner_management.WeddingPlannerManagementApplication for test class com.example.wedding_planner_management.WeddingPlannerManagementApplicationTests
01:01:15.078 [main] INFO org.springframework.boot.devtools.restart.RestartApplicationListener -- Restart disabled due to context in which it is running

  .   ____          _            __ _ _
 /\\ / ___'_ __ _ _(_)_ __  __ _ \ \ \ \
( ( )\___ | '_ | '_| | '_ \/ _` | \ \ \ \
 \\/  ___)| |_)| | | | | || (_| |  ) ) ) )
  '  |____| .__|_| |_|_| |_\__, | / / / /
 =========|_|==============|___/=/_/_/_/

 :: Spring Boot ::                (v3.4.1)

2024-12-23T01:01:15.345+05:30  WARN 9916 --- [wedding-planner-management] [           main] ory$DuplicateJsonObjectContextCustomizer : 

Found multiple occurrences of org.json.JSONObject on the class path:

	jar:file:/C:/Users/MITALI/.m2/repository/com/vaadin/external/google/android-json/0.0.20131108.vaadin1/android-json-0.0.20131108.vaadin1.jar!/org/json/JSONObject.class
	jar:file:/C:/Users/MITALI/.m2/repository/org/json/json/20220320/json-20220320.jar!/org/json/JSONObject.class

You may wish to exclude one of them to ensure predictable runtime behavior

2024-12-23T01:01:15.370+05:30  INFO 9916 --- [wedding-planner-management] [           main] WeddingPlannerManagementApplicationTests : Starting WeddingPlannerManagementApplicationTests using Java 19 with PID 9916 (started by MITALI in C:\Users\MITALI\eclipse-workspace\wedding-planner-management)
2024-12-23T01:01:15.371+05:30  INFO 9916 --- [wedding-planner-management] [           main] WeddingPlannerManagementApplicationTests : No active profile set, falling back to 1 default profile: "default"
2024-12-23T01:01:16.004+05:30  INFO 9916 --- [wedding-planner-management] [           main] .s.d.r.c.RepositoryConfigurationDelegate : Multiple Spring Data modules found, entering strict repository configuration mode
2024-12-23T01:01:16.005+05:30  INFO 9916 --- [wedding-planner-management] [           main] .s.d.r.c.RepositoryConfigurationDelegate : Bootstrapping Spring Data JPA repositories in DEFAULT mode.
2024-12-23T01:01:16.190+05:30  INFO 9916 --- [wedding-planner-management] [           main] .s.d.r.c.RepositoryConfigurationDelegate : Finished Spring Data repository scanning in 174 ms. Found 5 JPA repository interfaces.
2024-12-23T01:01:16.462+05:30  INFO 9916 --- [wedding-planner-management] [           main] .s.d.r.c.RepositoryConfigurationDelegate : Multiple Spring Data modules found, entering strict repository configuration mode
2024-12-23T01:01:16.464+05:30  INFO 9916 --- [wedding-planner-management] [           main] .s.d.r.c.RepositoryConfigurationDelegate : Bootstrapping Spring Data Redis repositories in DEFAULT mode.
2024-12-23T01:01:16.501+05:30  INFO 9916 --- [wedding-planner-management] [           main] .RepositoryConfigurationExtensionSupport : Spring Data Redis - Could not safely identify store assignment for repository candidate interface com.example.wedding_planner_management.dao.BookingRepository; If you want this repository to be a Redis repository, consider annotating your entities with one of these annotations: org.springframework.data.redis.core.RedisHash (preferred), or consider extending one of the following types with your repository: org.springframework.data.keyvalue.repository.KeyValueRepository
2024-12-23T01:01:16.501+05:30  INFO 9916 --- [wedding-planner-management] [           main] .RepositoryConfigurationExtensionSupport : Spring Data Redis - Could not safely identify store assignment for repository candidate interface com.example.wedding_planner_management.dao.ClientRepository; If you want this repository to be a Redis repository, consider annotating your entities with one of these annotations: org.springframework.data.redis.core.RedisHash (preferred), or consider extending one of the following types with your repository: org.springframework.data.keyvalue.repository.KeyValueRepository
2024-12-23T01:01:16.502+05:30  INFO 9916 --- [wedding-planner-management] [           main] .RepositoryConfigurationExtensionSupport : Spring Data Redis - Could not safely identify store assignment for repository candidate interface com.example.wedding_planner_management.dao.EventRepository; If you want this repository to be a Redis repository, consider annotating your entities with one of these annotations: org.springframework.data.redis.core.RedisHash (preferred), or consider extending one of the following types with your repository: org.springframework.data.keyvalue.repository.KeyValueRepository
2024-12-23T01:01:16.502+05:30  INFO 9916 --- [wedding-planner-management] [           main] .RepositoryConfigurationExtensionSupport : Spring Data Redis - Could not safely identify store assignment for repository candidate interface com.example.wedding_planner_management.dao.PaymentRepository; If you want this repository to be a Redis repository, consider annotating your entities with one of these annotations: org.springframework.data.redis.core.RedisHash (preferred), or consider extending one of the following types with your repository: org.springframework.data.keyvalue.repository.KeyValueRepository
2024-12-23T01:01:16.502+05:30  INFO 9916 --- [wedding-planner-management] [           main] .RepositoryConfigurationExtensionSupport : Spring Data Redis - Could not safely identify store assignment for repository candidate interface com.example.wedding_planner_management.dao.VendorRepository; If you want this repository to be a Redis repository, consider annotating your entities with one of these annotations: org.springframework.data.redis.core.RedisHash (preferred), or consider extending one of the following types with your repository: org.springframework.data.keyvalue.repository.KeyValueRepository
2024-12-23T01:01:16.502+05:30  INFO 9916 --- [wedding-planner-management] [           main] .s.d.r.c.RepositoryConfigurationDelegate : Finished Spring Data repository scanning in 18 ms. Found 0 Redis repository interfaces.
2024-12-23T01:01:17.063+05:30  INFO 9916 --- [wedding-planner-management] [           main] o.hibernate.jpa.internal.util.LogHelper  : HHH000204: Processing PersistenceUnitInfo [name: default]
2024-12-23T01:01:17.149+05:30  INFO 9916 --- [wedding-planner-management] [           main] org.hibernate.Version                    : HHH000412: Hibernate ORM core version 6.6.4.Final
2024-12-23T01:01:17.200+05:30  INFO 9916 --- [wedding-planner-management] [           main] o.h.c.internal.RegionFactoryInitiator    : HHH000026: Second-level cache disabled
2024-12-23T01:01:17.599+05:30  INFO 9916 --- [wedding-planner-management] [           main] o.s.o.j.p.SpringPersistenceUnitInfo      : No LoadTimeWeaver setup: ignoring JPA class transformer
2024-12-23T01:01:17.852+05:30  WARN 9916 --- [wedding-planner-management] [           main] org.hibernate.orm.deprecation            : HHH90000025: MySQL8Dialect does not need to be specified explicitly using 'hibernate.dialect' (remove the property setting and it will be selected by default)
2024-12-23T01:01:17.853+05:30  WARN 9916 --- [wedding-planner-management] [           main] org.hibernate.orm.deprecation            : HHH90000026: MySQL8Dialect has been deprecated; use org.hibernate.dialect.MySQLDialect instead
2024-12-23T01:01:17.870+05:30  INFO 9916 --- [wedding-planner-management] [           main] org.hibernate.orm.connections.pooling    : HHH10001005: Database info:
	Database JDBC URL [Connecting through datasource 'org.springframework.jdbc.datasource.DriverManagerDataSource@715f45c6']
	Database driver: undefined/unknown
	Database version: 8.0
	Autocommit mode: undefined/unknown
	Isolation level: undefined/unknown
	Minimum pool size: undefined/unknown
	Maximum pool size: undefined/unknown
2024-12-23T01:01:18.833+05:30  INFO 9916 --- [wedding-planner-management] [           main] o.h.e.t.j.p.i.JtaPlatformInitiator       : HHH000489: No JTA platform available (set 'hibernate.transaction.jta.platform' to enable JTA platform integration)
2024-12-23T01:01:18.906+05:30  INFO 9916 --- [wedding-planner-management] [           main] j.LocalContainerEntityManagerFactoryBean : Initialized JPA EntityManagerFactory for persistence unit 'default'
2024-12-23T01:01:19.902+05:30  WARN 9916 --- [wedding-planner-management] [           main] JpaBaseConfiguration$JpaWebConfiguration : spring.jpa.open-in-view is enabled by default. Therefore, database queries may be performed during view rendering. Explicitly configure spring.jpa.open-in-view to disable this warning
2024-12-23T01:01:20.470+05:30  INFO 9916 --- [wedding-planner-management] [           main] WeddingPlannerManagementApplicationTests : Started WeddingPlannerManagementApplicationTests in 5.406 seconds (process running for 6.549)
]]></system-out>
  </testcase>
</testsuite>